<?xml version="1.0" encoding="UTF-8"?>
<!-- Generated by org.testng.reporters.JUnitReportReporter -->
<testsuite hostname="Supto" failures="0" tests="1" name="reports.ExtentReportGenerate" time="1.525" errors="0" timestamp="22 Feb 2022 17:17:58 GMT">
  <testcase classname="reports.ExtentReportGenerate" name="extentTest" time="1.525"/>
</testsuite> <!-- reports.ExtentReportGenerate -->
