<?xml version="1.0" encoding="UTF-8"?>
<!-- Generated by org.testng.reporters.JUnitReportReporter -->
<testsuite hostname="Supto" failures="0" tests="1" name="reports.AttachLogoInReport" time="1.215" errors="0" timestamp="22 Feb 2022 18:29:53 GMT">
  <testcase classname="reports.AttachLogoInReport" name="attachLogo" time="1.215"/>
</testsuite> <!-- reports.AttachLogoInReport -->
