<?xml version="1.0" encoding="UTF-8"?>
<!-- Generated by org.testng.reporters.JUnitReportReporter -->
<testsuite hostname="Supto" failures="0" tests="1" name="reports.AttachScreenShots" time="36.440" errors="0" timestamp="22 Feb 2022 19:22:53 GMT">
  <testcase classname="reports.AttachScreenShots" name="attachScreenShot" time="36.440"/>
</testsuite> <!-- reports.AttachScreenShots -->
